<?xml version="1.0" encoding="UTF-8"?>
<!-- Generated by org.testng.reporters.JUnitXMLReporter -->
<testsuite ignored="0" hostname="DESKTOP-CDSS03I" failures="2" tests="3" name="Test" time="37.831" errors="0" timestamp="2019-11-22T02:11:12 IST">
  <testcase classname="google.NewTest" name="openGmail" time="0.033">
    <failure type="java.lang.AssertionError" message="expected [Gmail] but found []">
      <![CDATA[java.lang.AssertionError: expected [Gmail] but found []
at google.NewTest.openGmail(NewTest.java:38)
at java.base/java.util.ArrayList.forEach(ArrayList.java:1540)
... Removed 32 stack frames]]>
    </failure>
  </testcase> <!-- openGmail -->
  <testcase classname="google.NewTest" name="openGmail" time="0.04">
    <failure type="java.lang.AssertionError" message="expected [Gmail] but found []">
      <![CDATA[java.lang.AssertionError: expected [Gmail] but found []
at google.NewTest.openGmail(NewTest.java:38)
at java.base/java.util.ArrayList.forEach(ArrayList.java:1540)
... Removed 32 stack frames]]>
    </failure>
  </testcase> <!-- openGmail -->
  <testcase classname="google.NewTest" name="openGoogle" time="32.119"/>
</testsuite> <!-- Test -->
